-------------------------------------------------------------------------------
Test set: com.example.econnect.service.impl.ConnectionServiceImplTest
-------------------------------------------------------------------------------
Tests run: 2, Failures: 0, Errors: 2, Skipped: 0, Time elapsed: 2.937 s <<< FAILURE! - in com.example.econnect.service.impl.ConnectionServiceImplTest
getNumberTest  Time elapsed: 0.001 s  <<< ERROR!
java.lang.IllegalStateException: Failed to load ApplicationContext
Caused by: org.springframework.beans.factory.UnsatisfiedDependencyException: Error creating bean with name 'connectionsController': Unsatisfied dependency expressed through field 'connectionService'; nested exception is org.springframework.beans.factory.UnsatisfiedDependencyException: Error creating bean with name 'connectionServiceImpl': Unsatisfied dependency expressed through field 'connectionRepository'; nested exception is org.springframework.beans.factory.BeanCreationException: Error creating bean with name 'connectionRepository' defined in com.example.econnect.repository.ConnectionRepository defined in @EnableJpaRepositories declared on JpaRepositoriesRegistrar.EnableJpaRepositoriesConfiguration: Invocation of init method failed; nested exception is java.lang.IllegalArgumentException: Failed to create query for method public abstract java.util.Optional com.example.econnect.repository.ConnectionRepository.findBySubscriberId(int)! No property subscriberId found for type Connection! Did you mean 'subcriberId'?
Caused by: org.springframework.beans.factory.UnsatisfiedDependencyException: Error creating bean with name 'connectionServiceImpl': Unsatisfied dependency expressed through field 'connectionRepository'; nested exception is org.springframework.beans.factory.BeanCreationException: Error creating bean with name 'connectionRepository' defined in com.example.econnect.repository.ConnectionRepository defined in @EnableJpaRepositories declared on JpaRepositoriesRegistrar.EnableJpaRepositoriesConfiguration: Invocation of init method failed; nested exception is java.lang.IllegalArgumentException: Failed to create query for method public abstract java.util.Optional com.example.econnect.repository.ConnectionRepository.findBySubscriberId(int)! No property subscriberId found for type Connection! Did you mean 'subcriberId'?
Caused by: org.springframework.beans.factory.BeanCreationException: Error creating bean with name 'connectionRepository' defined in com.example.econnect.repository.ConnectionRepository defined in @EnableJpaRepositories declared on JpaRepositoriesRegistrar.EnableJpaRepositoriesConfiguration: Invocation of init method failed; nested exception is java.lang.IllegalArgumentException: Failed to create query for method public abstract java.util.Optional com.example.econnect.repository.ConnectionRepository.findBySubscriberId(int)! No property subscriberId found for type Connection! Did you mean 'subcriberId'?
Caused by: java.lang.IllegalArgumentException: Failed to create query for method public abstract java.util.Optional com.example.econnect.repository.ConnectionRepository.findBySubscriberId(int)! No property subscriberId found for type Connection! Did you mean 'subcriberId'?
Caused by: org.springframework.data.mapping.PropertyReferenceException: No property subscriberId found for type Connection! Did you mean 'subcriberId'?

testGetAllThePlans  Time elapsed: 0.001 s  <<< ERROR!
java.lang.IllegalStateException: Failed to load ApplicationContext
Caused by: org.springframework.beans.factory.UnsatisfiedDependencyException: Error creating bean with name 'connectionsController': Unsatisfied dependency expressed through field 'connectionService'; nested exception is org.springframework.beans.factory.UnsatisfiedDependencyException: Error creating bean with name 'connectionServiceImpl': Unsatisfied dependency expressed through field 'connectionRepository'; nested exception is org.springframework.beans.factory.BeanCreationException: Error creating bean with name 'connectionRepository' defined in com.example.econnect.repository.ConnectionRepository defined in @EnableJpaRepositories declared on JpaRepositoriesRegistrar.EnableJpaRepositoriesConfiguration: Invocation of init method failed; nested exception is java.lang.IllegalArgumentException: Failed to create query for method public abstract java.util.Optional com.example.econnect.repository.ConnectionRepository.findBySubscriberId(int)! No property subscriberId found for type Connection! Did you mean 'subcriberId'?
Caused by: org.springframework.beans.factory.UnsatisfiedDependencyException: Error creating bean with name 'connectionServiceImpl': Unsatisfied dependency expressed through field 'connectionRepository'; nested exception is org.springframework.beans.factory.BeanCreationException: Error creating bean with name 'connectionRepository' defined in com.example.econnect.repository.ConnectionRepository defined in @EnableJpaRepositories declared on JpaRepositoriesRegistrar.EnableJpaRepositoriesConfiguration: Invocation of init method failed; nested exception is java.lang.IllegalArgumentException: Failed to create query for method public abstract java.util.Optional com.example.econnect.repository.ConnectionRepository.findBySubscriberId(int)! No property subscriberId found for type Connection! Did you mean 'subcriberId'?
Caused by: org.springframework.beans.factory.BeanCreationException: Error creating bean with name 'connectionRepository' defined in com.example.econnect.repository.ConnectionRepository defined in @EnableJpaRepositories declared on JpaRepositoriesRegistrar.EnableJpaRepositoriesConfiguration: Invocation of init method failed; nested exception is java.lang.IllegalArgumentException: Failed to create query for method public abstract java.util.Optional com.example.econnect.repository.ConnectionRepository.findBySubscriberId(int)! No property subscriberId found for type Connection! Did you mean 'subcriberId'?
Caused by: java.lang.IllegalArgumentException: Failed to create query for method public abstract java.util.Optional com.example.econnect.repository.ConnectionRepository.findBySubscriberId(int)! No property subscriberId found for type Connection! Did you mean 'subcriberId'?
Caused by: org.springframework.data.mapping.PropertyReferenceException: No property subscriberId found for type Connection! Did you mean 'subcriberId'?

